<?xml version="1.0" encoding="UTF-8"?>
<robot generator="Robot 4.1.2 (Python 3.9.9 on win32)" generated="20211213 20:03:16.025" rpa="false" schemaversion="2">
<suite id="s1" name="Tests" source="C:\Users\Benedict Sun\Documents\GitHub\STSWENG-RobotExercise\tests">
<suite id="s1-s1" name="Invalid Cases" source="C:\Users\Benedict Sun\Documents\GitHub\STSWENG-RobotExercise\tests\invalid_cases.robot">
<test id="s1-s1-t1" name="Locked Out Login">
<kw name="Open Browser To Login Page" library="resources">
<kw name="Open Browser" library="SeleniumLibrary">
<arg>${LOGIN URL}</arg>
<arg>${BROWSER}</arg>
<doc>Opens a new browser instance to the optional ``url``.</doc>
<msg timestamp="20211213 20:03:16.185" level="INFO">Opening browser 'edge' to base url 'https://www.saucedemo.com/'.</msg>
<status status="PASS" starttime="20211213 20:03:16.185" endtime="20211213 20:03:18.323"/>
</kw>
<kw name="Maximize Browser Window" library="SeleniumLibrary">
<doc>Maximizes current browser window.</doc>
<status status="PASS" starttime="20211213 20:03:18.323" endtime="20211213 20:03:18.444"/>
</kw>
<kw name="Set Selenium Speed" library="SeleniumLibrary">
<arg>${DELAY}</arg>
<doc>Sets the delay that is waited after each Selenium command.</doc>
<status status="PASS" starttime="20211213 20:03:18.444" endtime="20211213 20:03:18.445"/>
</kw>
<kw name="Login Page Should Be Open" library="resources">
<kw name="Page Should Contain Element" library="SeleniumLibrary">
<arg>login-button</arg>
<doc>Verifies that element ``locator`` is found on the current page.</doc>
<msg timestamp="20211213 20:03:18.455" level="INFO">Current page contains element 'login-button'.</msg>
<status status="PASS" starttime="20211213 20:03:18.445" endtime="20211213 20:03:18.455"/>
</kw>
<status status="PASS" starttime="20211213 20:03:18.445" endtime="20211213 20:03:18.455"/>
</kw>
<status status="PASS" starttime="20211213 20:03:16.185" endtime="20211213 20:03:18.455"/>
</kw>
<kw name="Input Username" library="resources">
<arg>${LOCKED OUT USER}</arg>
<kw name="Input Text" library="SeleniumLibrary">
<arg>user-name</arg>
<arg>${username}</arg>
<doc>Types the given ``text`` into the text field identified by ``locator``.</doc>
<msg timestamp="20211213 20:03:18.456" level="INFO">Typing text 'locked_out_user' into text field 'user-name'.</msg>
<status status="PASS" starttime="20211213 20:03:18.456" endtime="20211213 20:03:18.538"/>
</kw>
<status status="PASS" starttime="20211213 20:03:18.456" endtime="20211213 20:03:18.538"/>
</kw>
<kw name="Input Pass" library="resources">
<arg>${VALID PASSWORD}</arg>
<kw name="Input Password" library="SeleniumLibrary">
<arg>password</arg>
<arg>${password}</arg>
<doc>Types the given password into the text field identified by ``locator``.</doc>
<msg timestamp="20211213 20:03:18.539" level="INFO">Typing password into text field 'password'.</msg>
<msg timestamp="20211213 20:03:18.569" level="INFO">Temporally setting log level to: NONE</msg>
<msg timestamp="20211213 20:03:18.604" level="INFO">Log level changed from NONE to INFO.</msg>
<status status="PASS" starttime="20211213 20:03:18.539" endtime="20211213 20:03:18.604"/>
</kw>
<status status="PASS" starttime="20211213 20:03:18.538" endtime="20211213 20:03:18.605"/>
</kw>
<kw name="Submit Credentials" library="resources">
<kw name="Click Button" library="SeleniumLibrary">
<arg>login-button</arg>
<doc>Clicks the button identified by ``locator``.</doc>
<msg timestamp="20211213 20:03:18.605" level="INFO">Clicking button 'login-button'.</msg>
<status status="PASS" starttime="20211213 20:03:18.605" endtime="20211213 20:03:18.645"/>
</kw>
<status status="PASS" starttime="20211213 20:03:18.605" endtime="20211213 20:03:18.645"/>
</kw>
<kw name="Locked Out Prompt Should Show" library="resources">
<kw name="Element Text Should Be" library="SeleniumLibrary">
<arg>xpath://*[@id="login_button_container"]/div/form/div[3]/h3</arg>
<arg>Epic sadface: Sorry, this user has been locked out.</arg>
<doc>Verifies that element ``locator`` contains exact the text ``expected``.</doc>
<msg timestamp="20211213 20:03:18.645" level="INFO">Verifying element 'xpath://*[@id="login_button_container"]/div/form/div[3]/h3' contains exact text 'Epic sadface: Sorry, this user has been locked out.'.</msg>
<status status="PASS" starttime="20211213 20:03:18.645" endtime="20211213 20:03:18.661"/>
</kw>
<status status="PASS" starttime="20211213 20:03:18.645" endtime="20211213 20:03:18.661"/>
</kw>
<kw name="Close Browser" library="SeleniumLibrary" type="TEARDOWN">
<doc>Closes the current browser.</doc>
<status status="PASS" starttime="20211213 20:03:18.661" endtime="20211213 20:03:20.752"/>
</kw>
<status status="PASS" starttime="20211213 20:03:16.184" endtime="20211213 20:03:20.753"/>
</test>
<test id="s1-s1-t2" name="Invalid Password Login">
<kw name="Open Browser To Login Page" library="resources">
<kw name="Open Browser" library="SeleniumLibrary">
<arg>${LOGIN URL}</arg>
<arg>${BROWSER}</arg>
<doc>Opens a new browser instance to the optional ``url``.</doc>
<msg timestamp="20211213 20:03:20.758" level="INFO">Opening browser 'edge' to base url 'https://www.saucedemo.com/'.</msg>
<status status="PASS" starttime="20211213 20:03:20.758" endtime="20211213 20:03:23.438"/>
</kw>
<kw name="Maximize Browser Window" library="SeleniumLibrary">
<doc>Maximizes current browser window.</doc>
<status status="PASS" starttime="20211213 20:03:23.438" endtime="20211213 20:03:23.561"/>
</kw>
<kw name="Set Selenium Speed" library="SeleniumLibrary">
<arg>${DELAY}</arg>
<doc>Sets the delay that is waited after each Selenium command.</doc>
<status status="PASS" starttime="20211213 20:03:23.562" endtime="20211213 20:03:23.562"/>
</kw>
<kw name="Login Page Should Be Open" library="resources">
<kw name="Page Should Contain Element" library="SeleniumLibrary">
<arg>login-button</arg>
<doc>Verifies that element ``locator`` is found on the current page.</doc>
<msg timestamp="20211213 20:03:23.571" level="INFO">Current page contains element 'login-button'.</msg>
<status status="PASS" starttime="20211213 20:03:23.562" endtime="20211213 20:03:23.572"/>
</kw>
<status status="PASS" starttime="20211213 20:03:23.562" endtime="20211213 20:03:23.572"/>
</kw>
<status status="PASS" starttime="20211213 20:03:20.757" endtime="20211213 20:03:23.572"/>
</kw>
<kw name="Input Username" library="resources">
<arg>${VALID USER}</arg>
<kw name="Input Text" library="SeleniumLibrary">
<arg>user-name</arg>
<arg>${username}</arg>
<doc>Types the given ``text`` into the text field identified by ``locator``.</doc>
<msg timestamp="20211213 20:03:23.573" level="INFO">Typing text 'standard_user' into text field 'user-name'.</msg>
<status status="PASS" starttime="20211213 20:03:23.573" endtime="20211213 20:03:23.650"/>
</kw>
<status status="PASS" starttime="20211213 20:03:23.572" endtime="20211213 20:03:23.650"/>
</kw>
<kw name="Input Pass" library="resources">
<arg>${INVALID PASSWORD}</arg>
<kw name="Input Password" library="SeleniumLibrary">
<arg>password</arg>
<arg>${password}</arg>
<doc>Types the given password into the text field identified by ``locator``.</doc>
<msg timestamp="20211213 20:03:23.651" level="INFO">Typing password into text field 'password'.</msg>
<msg timestamp="20211213 20:03:23.683" level="INFO">Temporally setting log level to: NONE</msg>
<msg timestamp="20211213 20:03:23.719" level="INFO">Log level changed from NONE to INFO.</msg>
<status status="PASS" starttime="20211213 20:03:23.651" endtime="20211213 20:03:23.719"/>
</kw>
<status status="PASS" starttime="20211213 20:03:23.651" endtime="20211213 20:03:23.720"/>
</kw>
<kw name="Submit Credentials" library="resources">
<kw name="Click Button" library="SeleniumLibrary">
<arg>login-button</arg>
<doc>Clicks the button identified by ``locator``.</doc>
<msg timestamp="20211213 20:03:23.720" level="INFO">Clicking button 'login-button'.</msg>
<status status="PASS" starttime="20211213 20:03:23.720" endtime="20211213 20:03:23.767"/>
</kw>
<status status="PASS" starttime="20211213 20:03:23.720" endtime="20211213 20:03:23.767"/>
</kw>
<kw name="Invalid Password Prompt Should Show" library="resources">
<kw name="Element Text Should Be" library="SeleniumLibrary">
<arg>xpath://*[@id="login_button_container"]/div/form/div[3]/h3</arg>
<arg>Epic sadface: Username and password do not match any user in this service</arg>
<doc>Verifies that element ``locator`` contains exact the text ``expected``.</doc>
<msg timestamp="20211213 20:03:23.768" level="INFO">Verifying element 'xpath://*[@id="login_button_container"]/div/form/div[3]/h3' contains exact text 'Epic sadface: Username and password do not match any user in this service'.</msg>
<status status="PASS" starttime="20211213 20:03:23.768" endtime="20211213 20:03:23.785"/>
</kw>
<status status="PASS" starttime="20211213 20:03:23.767" endtime="20211213 20:03:23.785"/>
</kw>
<kw name="Close Browser" library="SeleniumLibrary" type="TEARDOWN">
<doc>Closes the current browser.</doc>
<status status="PASS" starttime="20211213 20:03:23.786" endtime="20211213 20:03:25.896"/>
</kw>
<status status="PASS" starttime="20211213 20:03:20.756" endtime="20211213 20:03:25.897"/>
</test>
<test id="s1-s1-t3" name="Problem User Broken Inventory Page">
<kw name="Open Browser To Login Page" library="resources">
<kw name="Open Browser" library="SeleniumLibrary">
<arg>${LOGIN URL}</arg>
<arg>${BROWSER}</arg>
<doc>Opens a new browser instance to the optional ``url``.</doc>
<msg timestamp="20211213 20:03:25.901" level="INFO">Opening browser 'edge' to base url 'https://www.saucedemo.com/'.</msg>
<status status="PASS" starttime="20211213 20:03:25.901" endtime="20211213 20:03:29.499"/>
</kw>
<kw name="Maximize Browser Window" library="SeleniumLibrary">
<doc>Maximizes current browser window.</doc>
<status status="PASS" starttime="20211213 20:03:29.499" endtime="20211213 20:03:29.625"/>
</kw>
<kw name="Set Selenium Speed" library="SeleniumLibrary">
<arg>${DELAY}</arg>
<doc>Sets the delay that is waited after each Selenium command.</doc>
<status status="PASS" starttime="20211213 20:03:29.625" endtime="20211213 20:03:29.626"/>
</kw>
<kw name="Login Page Should Be Open" library="resources">
<kw name="Page Should Contain Element" library="SeleniumLibrary">
<arg>login-button</arg>
<doc>Verifies that element ``locator`` is found on the current page.</doc>
<msg timestamp="20211213 20:03:29.635" level="INFO">Current page contains element 'login-button'.</msg>
<status status="PASS" starttime="20211213 20:03:29.626" endtime="20211213 20:03:29.635"/>
</kw>
<status status="PASS" starttime="20211213 20:03:29.626" endtime="20211213 20:03:29.636"/>
</kw>
<status status="PASS" starttime="20211213 20:03:25.900" endtime="20211213 20:03:29.636"/>
</kw>
<kw name="Input Username" library="resources">
<arg>${PROBLEM USER}</arg>
<kw name="Input Text" library="SeleniumLibrary">
<arg>user-name</arg>
<arg>${username}</arg>
<doc>Types the given ``text`` into the text field identified by ``locator``.</doc>
<msg timestamp="20211213 20:03:29.637" level="INFO">Typing text 'problem_user' into text field 'user-name'.</msg>
<status status="PASS" starttime="20211213 20:03:29.637" endtime="20211213 20:03:29.712"/>
</kw>
<status status="PASS" starttime="20211213 20:03:29.636" endtime="20211213 20:03:29.712"/>
</kw>
<kw name="Input Pass" library="resources">
<arg>${VALID PASSWORD}</arg>
<kw name="Input Password" library="SeleniumLibrary">
<arg>password</arg>
<arg>${password}</arg>
<doc>Types the given password into the text field identified by ``locator``.</doc>
<msg timestamp="20211213 20:03:29.713" level="INFO">Typing password into text field 'password'.</msg>
<msg timestamp="20211213 20:03:29.742" level="INFO">Temporally setting log level to: NONE</msg>
<msg timestamp="20211213 20:03:29.777" level="INFO">Log level changed from NONE to INFO.</msg>
<status status="PASS" starttime="20211213 20:03:29.713" endtime="20211213 20:03:29.777"/>
</kw>
<status status="PASS" starttime="20211213 20:03:29.713" endtime="20211213 20:03:29.777"/>
</kw>
<kw name="Submit Credentials" library="resources">
<kw name="Click Button" library="SeleniumLibrary">
<arg>login-button</arg>
<doc>Clicks the button identified by ``locator``.</doc>
<msg timestamp="20211213 20:03:29.778" level="INFO">Clicking button 'login-button'.</msg>
<status status="PASS" starttime="20211213 20:03:29.777" endtime="20211213 20:03:29.839"/>
</kw>
<status status="PASS" starttime="20211213 20:03:29.777" endtime="20211213 20:03:29.839"/>
</kw>
<kw name="Product Page Should Be Open" library="resources">
<kw name="Element Text Should Be" library="SeleniumLibrary">
<arg>class:title</arg>
<arg>PRODUCTS</arg>
<doc>Verifies that element ``locator`` contains exact the text ``expected``.</doc>
<msg timestamp="20211213 20:03:29.840" level="INFO">Verifying element 'class:title' contains exact text 'PRODUCTS'.</msg>
<status status="PASS" starttime="20211213 20:03:29.840" endtime="20211213 20:03:29.856"/>
</kw>
<status status="PASS" starttime="20211213 20:03:29.840" endtime="20211213 20:03:29.856"/>
</kw>
<kw name="Page Should Contain Image" library="SeleniumLibrary">
<arg>class:inventory_item_img</arg>
<arg>https://www.saucedemo.com/static/media/sl-404.168b1cce.jpg</arg>
<doc>Verifies image identified by ``locator`` is found from current page.</doc>
<msg timestamp="20211213 20:03:29.891" level="INFO">Current page contains image 'class:inventory_item_img'.</msg>
<status status="PASS" starttime="20211213 20:03:29.856" endtime="20211213 20:03:29.891"/>
</kw>
<kw name="Close Browser" library="SeleniumLibrary" type="TEARDOWN">
<doc>Closes the current browser.</doc>
<status status="PASS" starttime="20211213 20:03:29.891" endtime="20211213 20:03:32.001"/>
</kw>
<status status="PASS" starttime="20211213 20:03:25.900" endtime="20211213 20:03:32.003"/>
</test>
<doc>A test suit with tests for invalid cases

This test follow the example using keywords from
the SeleniumLibrary.</doc>
<status status="PASS" starttime="20211213 20:03:16.047" endtime="20211213 20:03:32.006"/>
</suite>
<suite id="s1-s2" name="Sort" source="C:\Users\Benedict Sun\Documents\GitHub\STSWENG-RobotExercise\tests\sort.robot">
<test id="s1-s2-t1" name="Sort Products Low To High">
<kw name="Open Browser To Login Page" library="resources">
<kw name="Open Browser" library="SeleniumLibrary">
<arg>${LOGIN URL}</arg>
<arg>${BROWSER}</arg>
<doc>Opens a new browser instance to the optional ``url``.</doc>
<msg timestamp="20211213 20:03:32.014" level="INFO">Opening browser 'edge' to base url 'https://www.saucedemo.com/'.</msg>
<status status="PASS" starttime="20211213 20:03:32.014" endtime="20211213 20:03:35.517"/>
</kw>
<kw name="Maximize Browser Window" library="SeleniumLibrary">
<doc>Maximizes current browser window.</doc>
<status status="PASS" starttime="20211213 20:03:35.518" endtime="20211213 20:03:35.629"/>
</kw>
<kw name="Set Selenium Speed" library="SeleniumLibrary">
<arg>${DELAY}</arg>
<doc>Sets the delay that is waited after each Selenium command.</doc>
<status status="PASS" starttime="20211213 20:03:35.630" endtime="20211213 20:03:35.630"/>
</kw>
<kw name="Login Page Should Be Open" library="resources">
<kw name="Page Should Contain Element" library="SeleniumLibrary">
<arg>login-button</arg>
<doc>Verifies that element ``locator`` is found on the current page.</doc>
<msg timestamp="20211213 20:03:35.641" level="INFO">Current page contains element 'login-button'.</msg>
<status status="PASS" starttime="20211213 20:03:35.631" endtime="20211213 20:03:35.641"/>
</kw>
<status status="PASS" starttime="20211213 20:03:35.631" endtime="20211213 20:03:35.641"/>
</kw>
<status status="PASS" starttime="20211213 20:03:32.014" endtime="20211213 20:03:35.641"/>
</kw>
<kw name="Go To Product Page" library="resources">
<kw name="Input Username" library="resources">
<arg>${VALID USER}</arg>
<kw name="Input Text" library="SeleniumLibrary">
<arg>user-name</arg>
<arg>${username}</arg>
<doc>Types the given ``text`` into the text field identified by ``locator``.</doc>
<msg timestamp="20211213 20:03:35.642" level="INFO">Typing text 'standard_user' into text field 'user-name'.</msg>
<status status="PASS" starttime="20211213 20:03:35.642" endtime="20211213 20:03:35.713"/>
</kw>
<status status="PASS" starttime="20211213 20:03:35.642" endtime="20211213 20:03:35.713"/>
</kw>
<kw name="Input Pass" library="resources">
<arg>${VALID PASSWORD}</arg>
<kw name="Input Password" library="SeleniumLibrary">
<arg>password</arg>
<arg>${password}</arg>
<doc>Types the given password into the text field identified by ``locator``.</doc>
<msg timestamp="20211213 20:03:35.714" level="INFO">Typing password into text field 'password'.</msg>
<msg timestamp="20211213 20:03:35.741" level="INFO">Temporally setting log level to: NONE</msg>
<msg timestamp="20211213 20:03:35.775" level="INFO">Log level changed from NONE to INFO.</msg>
<status status="PASS" starttime="20211213 20:03:35.714" endtime="20211213 20:03:35.775"/>
</kw>
<status status="PASS" starttime="20211213 20:03:35.714" endtime="20211213 20:03:35.775"/>
</kw>
<kw name="Submit Credentials" library="resources">
<kw name="Click Button" library="SeleniumLibrary">
<arg>login-button</arg>
<doc>Clicks the button identified by ``locator``.</doc>
<msg timestamp="20211213 20:03:35.776" level="INFO">Clicking button 'login-button'.</msg>
<status status="PASS" starttime="20211213 20:03:35.775" endtime="20211213 20:03:35.844"/>
</kw>
<status status="PASS" starttime="20211213 20:03:35.775" endtime="20211213 20:03:35.845"/>
</kw>
<kw name="Product Page Should Be Open" library="resources">
<kw name="Element Text Should Be" library="SeleniumLibrary">
<arg>class:title</arg>
<arg>PRODUCTS</arg>
<doc>Verifies that element ``locator`` contains exact the text ``expected``.</doc>
<msg timestamp="20211213 20:03:35.845" level="INFO">Verifying element 'class:title' contains exact text 'PRODUCTS'.</msg>
<status status="PASS" starttime="20211213 20:03:35.845" endtime="20211213 20:03:35.861"/>
</kw>
<status status="PASS" starttime="20211213 20:03:35.845" endtime="20211213 20:03:35.861"/>
</kw>
<status status="PASS" starttime="20211213 20:03:35.641" endtime="20211213 20:03:35.861"/>
</kw>
<kw name="Sort By" library="resources">
<arg>lohi</arg>
<kw name="Select From List By Value" library="SeleniumLibrary">
<arg>class:product_sort_container</arg>
<arg>${method}</arg>
<doc>Selects options from selection list ``locator`` by ``values``.</doc>
<msg timestamp="20211213 20:03:35.863" level="INFO">Selecting options from selection list 'class:product_sort_container' by value lohi.</msg>
<status status="PASS" starttime="20211213 20:03:35.862" endtime="20211213 20:03:35.907"/>
</kw>
<status status="PASS" starttime="20211213 20:03:35.862" endtime="20211213 20:03:35.907"/>
</kw>
<kw name="Element Text Should Be" library="SeleniumLibrary">
<arg>xpath://*[@id="item_2_title_link"]/div</arg>
<arg>Sauce Labs Onesie</arg>
<doc>Verifies that element ``locator`` contains exact the text ``expected``.</doc>
<msg timestamp="20211213 20:03:35.907" level="INFO">Verifying element 'xpath://*[@id="item_2_title_link"]/div' contains exact text 'Sauce Labs Onesie'.</msg>
<status status="PASS" starttime="20211213 20:03:35.907" endtime="20211213 20:03:35.923"/>
</kw>
<kw name="Close Browser" library="SeleniumLibrary" type="TEARDOWN">
<doc>Closes the current browser.</doc>
<status status="PASS" starttime="20211213 20:03:35.924" endtime="20211213 20:03:38.021"/>
</kw>
<status status="PASS" starttime="20211213 20:03:32.013" endtime="20211213 20:03:38.022"/>
</test>
<test id="s1-s2-t2" name="Sort Products High To Low">
<kw name="Open Browser To Login Page" library="resources">
<kw name="Open Browser" library="SeleniumLibrary">
<arg>${LOGIN URL}</arg>
<arg>${BROWSER}</arg>
<doc>Opens a new browser instance to the optional ``url``.</doc>
<msg timestamp="20211213 20:03:38.027" level="INFO">Opening browser 'edge' to base url 'https://www.saucedemo.com/'.</msg>
<status status="PASS" starttime="20211213 20:03:38.027" endtime="20211213 20:03:40.533"/>
</kw>
<kw name="Maximize Browser Window" library="SeleniumLibrary">
<doc>Maximizes current browser window.</doc>
<status status="PASS" starttime="20211213 20:03:40.533" endtime="20211213 20:03:40.651"/>
</kw>
<kw name="Set Selenium Speed" library="SeleniumLibrary">
<arg>${DELAY}</arg>
<doc>Sets the delay that is waited after each Selenium command.</doc>
<status status="PASS" starttime="20211213 20:03:40.651" endtime="20211213 20:03:40.651"/>
</kw>
<kw name="Login Page Should Be Open" library="resources">
<kw name="Page Should Contain Element" library="SeleniumLibrary">
<arg>login-button</arg>
<doc>Verifies that element ``locator`` is found on the current page.</doc>
<msg timestamp="20211213 20:03:40.661" level="INFO">Current page contains element 'login-button'.</msg>
<status status="PASS" starttime="20211213 20:03:40.651" endtime="20211213 20:03:40.661"/>
</kw>
<status status="PASS" starttime="20211213 20:03:40.651" endtime="20211213 20:03:40.661"/>
</kw>
<status status="PASS" starttime="20211213 20:03:38.025" endtime="20211213 20:03:40.661"/>
</kw>
<kw name="Go To Product Page" library="resources">
<kw name="Input Username" library="resources">
<arg>${VALID USER}</arg>
<kw name="Input Text" library="SeleniumLibrary">
<arg>user-name</arg>
<arg>${username}</arg>
<doc>Types the given ``text`` into the text field identified by ``locator``.</doc>
<msg timestamp="20211213 20:03:40.662" level="INFO">Typing text 'standard_user' into text field 'user-name'.</msg>
<status status="PASS" starttime="20211213 20:03:40.662" endtime="20211213 20:03:40.732"/>
</kw>
<status status="PASS" starttime="20211213 20:03:40.662" endtime="20211213 20:03:40.732"/>
</kw>
<kw name="Input Pass" library="resources">
<arg>${VALID PASSWORD}</arg>
<kw name="Input Password" library="SeleniumLibrary">
<arg>password</arg>
<arg>${password}</arg>
<doc>Types the given password into the text field identified by ``locator``.</doc>
<msg timestamp="20211213 20:03:40.733" level="INFO">Typing password into text field 'password'.</msg>
<msg timestamp="20211213 20:03:40.760" level="INFO">Temporally setting log level to: NONE</msg>
<msg timestamp="20211213 20:03:40.791" level="INFO">Log level changed from NONE to INFO.</msg>
<status status="PASS" starttime="20211213 20:03:40.732" endtime="20211213 20:03:40.791"/>
</kw>
<status status="PASS" starttime="20211213 20:03:40.732" endtime="20211213 20:03:40.791"/>
</kw>
<kw name="Submit Credentials" library="resources">
<kw name="Click Button" library="SeleniumLibrary">
<arg>login-button</arg>
<doc>Clicks the button identified by ``locator``.</doc>
<msg timestamp="20211213 20:03:40.792" level="INFO">Clicking button 'login-button'.</msg>
<status status="PASS" starttime="20211213 20:03:40.792" endtime="20211213 20:03:40.862"/>
</kw>
<status status="PASS" starttime="20211213 20:03:40.792" endtime="20211213 20:03:40.862"/>
</kw>
<kw name="Product Page Should Be Open" library="resources">
<kw name="Element Text Should Be" library="SeleniumLibrary">
<arg>class:title</arg>
<arg>PRODUCTS</arg>
<doc>Verifies that element ``locator`` contains exact the text ``expected``.</doc>
<msg timestamp="20211213 20:03:40.863" level="INFO">Verifying element 'class:title' contains exact text 'PRODUCTS'.</msg>
<status status="PASS" starttime="20211213 20:03:40.863" endtime="20211213 20:03:40.878"/>
</kw>
<status status="PASS" starttime="20211213 20:03:40.862" endtime="20211213 20:03:40.878"/>
</kw>
<status status="PASS" starttime="20211213 20:03:40.662" endtime="20211213 20:03:40.878"/>
</kw>
<kw name="Sort By" library="resources">
<arg>hilo</arg>
<kw name="Select From List By Value" library="SeleniumLibrary">
<arg>class:product_sort_container</arg>
<arg>${method}</arg>
<doc>Selects options from selection list ``locator`` by ``values``.</doc>
<msg timestamp="20211213 20:03:40.879" level="INFO">Selecting options from selection list 'class:product_sort_container' by value hilo.</msg>
<status status="PASS" starttime="20211213 20:03:40.879" endtime="20211213 20:03:40.920"/>
</kw>
<status status="PASS" starttime="20211213 20:03:40.878" endtime="20211213 20:03:40.920"/>
</kw>
<kw name="Element Text Should Be" library="SeleniumLibrary">
<arg>xpath://*[@id="item_5_title_link"]/div</arg>
<arg>Sauce Labs Fleece Jacket</arg>
<doc>Verifies that element ``locator`` contains exact the text ``expected``.</doc>
<msg timestamp="20211213 20:03:40.921" level="INFO">Verifying element 'xpath://*[@id="item_5_title_link"]/div' contains exact text 'Sauce Labs Fleece Jacket'.</msg>
<status status="PASS" starttime="20211213 20:03:40.920" endtime="20211213 20:03:40.937"/>
</kw>
<kw name="Close Browser" library="SeleniumLibrary" type="TEARDOWN">
<doc>Closes the current browser.</doc>
<status status="PASS" starttime="20211213 20:03:40.937" endtime="20211213 20:03:43.042"/>
</kw>
<status status="PASS" starttime="20211213 20:03:38.025" endtime="20211213 20:03:43.043"/>
</test>
<test id="s1-s2-t3" name="Sort Product A To Z">
<kw name="Open Browser To Login Page" library="resources">
<kw name="Open Browser" library="SeleniumLibrary">
<arg>${LOGIN URL}</arg>
<arg>${BROWSER}</arg>
<doc>Opens a new browser instance to the optional ``url``.</doc>
<msg timestamp="20211213 20:03:43.048" level="INFO">Opening browser 'edge' to base url 'https://www.saucedemo.com/'.</msg>
<status status="PASS" starttime="20211213 20:03:43.047" endtime="20211213 20:03:44.447"/>
</kw>
<kw name="Maximize Browser Window" library="SeleniumLibrary">
<doc>Maximizes current browser window.</doc>
<status status="PASS" starttime="20211213 20:03:44.447" endtime="20211213 20:03:44.564"/>
</kw>
<kw name="Set Selenium Speed" library="SeleniumLibrary">
<arg>${DELAY}</arg>
<doc>Sets the delay that is waited after each Selenium command.</doc>
<status status="PASS" starttime="20211213 20:03:44.564" endtime="20211213 20:03:44.564"/>
</kw>
<kw name="Login Page Should Be Open" library="resources">
<kw name="Page Should Contain Element" library="SeleniumLibrary">
<arg>login-button</arg>
<doc>Verifies that element ``locator`` is found on the current page.</doc>
<msg timestamp="20211213 20:03:44.575" level="INFO">Current page contains element 'login-button'.</msg>
<status status="PASS" starttime="20211213 20:03:44.565" endtime="20211213 20:03:44.575"/>
</kw>
<status status="PASS" starttime="20211213 20:03:44.565" endtime="20211213 20:03:44.575"/>
</kw>
<status status="PASS" starttime="20211213 20:03:43.047" endtime="20211213 20:03:44.576"/>
</kw>
<kw name="Go To Product Page" library="resources">
<kw name="Input Username" library="resources">
<arg>${VALID USER}</arg>
<kw name="Input Text" library="SeleniumLibrary">
<arg>user-name</arg>
<arg>${username}</arg>
<doc>Types the given ``text`` into the text field identified by ``locator``.</doc>
<msg timestamp="20211213 20:03:44.577" level="INFO">Typing text 'standard_user' into text field 'user-name'.</msg>
<status status="PASS" starttime="20211213 20:03:44.577" endtime="20211213 20:03:44.650"/>
</kw>
<status status="PASS" starttime="20211213 20:03:44.576" endtime="20211213 20:03:44.650"/>
</kw>
<kw name="Input Pass" library="resources">
<arg>${VALID PASSWORD}</arg>
<kw name="Input Password" library="SeleniumLibrary">
<arg>password</arg>
<arg>${password}</arg>
<doc>Types the given password into the text field identified by ``locator``.</doc>
<msg timestamp="20211213 20:03:44.650" level="INFO">Typing password into text field 'password'.</msg>
<msg timestamp="20211213 20:03:44.676" level="INFO">Temporally setting log level to: NONE</msg>
<msg timestamp="20211213 20:03:44.711" level="INFO">Log level changed from NONE to INFO.</msg>
<status status="PASS" starttime="20211213 20:03:44.650" endtime="20211213 20:03:44.711"/>
</kw>
<status status="PASS" starttime="20211213 20:03:44.650" endtime="20211213 20:03:44.711"/>
</kw>
<kw name="Submit Credentials" library="resources">
<kw name="Click Button" library="SeleniumLibrary">
<arg>login-button</arg>
<doc>Clicks the button identified by ``locator``.</doc>
<msg timestamp="20211213 20:03:44.712" level="INFO">Clicking button 'login-button'.</msg>
<status status="PASS" starttime="20211213 20:03:44.712" endtime="20211213 20:03:44.784"/>
</kw>
<status status="PASS" starttime="20211213 20:03:44.711" endtime="20211213 20:03:44.784"/>
</kw>
<kw name="Product Page Should Be Open" library="resources">
<kw name="Element Text Should Be" library="SeleniumLibrary">
<arg>class:title</arg>
<arg>PRODUCTS</arg>
<doc>Verifies that element ``locator`` contains exact the text ``expected``.</doc>
<msg timestamp="20211213 20:03:44.785" level="INFO">Verifying element 'class:title' contains exact text 'PRODUCTS'.</msg>
<status status="PASS" starttime="20211213 20:03:44.785" endtime="20211213 20:03:44.801"/>
</kw>
<status status="PASS" starttime="20211213 20:03:44.785" endtime="20211213 20:03:44.802"/>
</kw>
<status status="PASS" starttime="20211213 20:03:44.576" endtime="20211213 20:03:44.802"/>
</kw>
<kw name="Sort By" library="resources">
<arg>az</arg>
<kw name="Select From List By Value" library="SeleniumLibrary">
<arg>class:product_sort_container</arg>
<arg>${method}</arg>
<doc>Selects options from selection list ``locator`` by ``values``.</doc>
<msg timestamp="20211213 20:03:44.803" level="INFO">Selecting options from selection list 'class:product_sort_container' by value az.</msg>
<status status="PASS" starttime="20211213 20:03:44.802" endtime="20211213 20:03:44.829"/>
</kw>
<status status="PASS" starttime="20211213 20:03:44.802" endtime="20211213 20:03:44.829"/>
</kw>
<kw name="Element Text Should Be" library="SeleniumLibrary">
<arg>xpath://*[@id="item_4_title_link"]/div</arg>
<arg>Sauce Labs Backpack</arg>
<doc>Verifies that element ``locator`` contains exact the text ``expected``.</doc>
<msg timestamp="20211213 20:03:44.829" level="INFO">Verifying element 'xpath://*[@id="item_4_title_link"]/div' contains exact text 'Sauce Labs Backpack'.</msg>
<status status="PASS" starttime="20211213 20:03:44.829" endtime="20211213 20:03:44.846"/>
</kw>
<kw name="Close Browser" library="SeleniumLibrary" type="TEARDOWN">
<doc>Closes the current browser.</doc>
<status status="PASS" starttime="20211213 20:03:44.846" endtime="20211213 20:03:46.968"/>
</kw>
<status status="PASS" starttime="20211213 20:03:43.046" endtime="20211213 20:03:46.970"/>
</test>
<test id="s1-s2-t4" name="Sort Product Z To A">
<kw name="Open Browser To Login Page" library="resources">
<kw name="Open Browser" library="SeleniumLibrary">
<arg>${LOGIN URL}</arg>
<arg>${BROWSER}</arg>
<doc>Opens a new browser instance to the optional ``url``.</doc>
<msg timestamp="20211213 20:03:46.975" level="INFO">Opening browser 'edge' to base url 'https://www.saucedemo.com/'.</msg>
<status status="PASS" starttime="20211213 20:03:46.973" endtime="20211213 20:03:48.472"/>
</kw>
<kw name="Maximize Browser Window" library="SeleniumLibrary">
<doc>Maximizes current browser window.</doc>
<status status="PASS" starttime="20211213 20:03:48.472" endtime="20211213 20:03:48.593"/>
</kw>
<kw name="Set Selenium Speed" library="SeleniumLibrary">
<arg>${DELAY}</arg>
<doc>Sets the delay that is waited after each Selenium command.</doc>
<status status="PASS" starttime="20211213 20:03:48.594" endtime="20211213 20:03:48.594"/>
</kw>
<kw name="Login Page Should Be Open" library="resources">
<kw name="Page Should Contain Element" library="SeleniumLibrary">
<arg>login-button</arg>
<doc>Verifies that element ``locator`` is found on the current page.</doc>
<msg timestamp="20211213 20:03:48.603" level="INFO">Current page contains element 'login-button'.</msg>
<status status="PASS" starttime="20211213 20:03:48.594" endtime="20211213 20:03:48.603"/>
</kw>
<status status="PASS" starttime="20211213 20:03:48.594" endtime="20211213 20:03:48.604"/>
</kw>
<status status="PASS" starttime="20211213 20:03:46.973" endtime="20211213 20:03:48.604"/>
</kw>
<kw name="Go To Product Page" library="resources">
<kw name="Input Username" library="resources">
<arg>${VALID USER}</arg>
<kw name="Input Text" library="SeleniumLibrary">
<arg>user-name</arg>
<arg>${username}</arg>
<doc>Types the given ``text`` into the text field identified by ``locator``.</doc>
<msg timestamp="20211213 20:03:48.605" level="INFO">Typing text 'standard_user' into text field 'user-name'.</msg>
<status status="PASS" starttime="20211213 20:03:48.605" endtime="20211213 20:03:48.678"/>
</kw>
<status status="PASS" starttime="20211213 20:03:48.605" endtime="20211213 20:03:48.678"/>
</kw>
<kw name="Input Pass" library="resources">
<arg>${VALID PASSWORD}</arg>
<kw name="Input Password" library="SeleniumLibrary">
<arg>password</arg>
<arg>${password}</arg>
<doc>Types the given password into the text field identified by ``locator``.</doc>
<msg timestamp="20211213 20:03:48.678" level="INFO">Typing password into text field 'password'.</msg>
<msg timestamp="20211213 20:03:48.706" level="INFO">Temporally setting log level to: NONE</msg>
<msg timestamp="20211213 20:03:48.739" level="INFO">Log level changed from NONE to INFO.</msg>
<status status="PASS" starttime="20211213 20:03:48.678" endtime="20211213 20:03:48.739"/>
</kw>
<status status="PASS" starttime="20211213 20:03:48.678" endtime="20211213 20:03:48.740"/>
</kw>
<kw name="Submit Credentials" library="resources">
<kw name="Click Button" library="SeleniumLibrary">
<arg>login-button</arg>
<doc>Clicks the button identified by ``locator``.</doc>
<msg timestamp="20211213 20:03:48.740" level="INFO">Clicking button 'login-button'.</msg>
<status status="PASS" starttime="20211213 20:03:48.740" endtime="20211213 20:03:48.810"/>
</kw>
<status status="PASS" starttime="20211213 20:03:48.740" endtime="20211213 20:03:48.810"/>
</kw>
<kw name="Product Page Should Be Open" library="resources">
<kw name="Element Text Should Be" library="SeleniumLibrary">
<arg>class:title</arg>
<arg>PRODUCTS</arg>
<doc>Verifies that element ``locator`` contains exact the text ``expected``.</doc>
<msg timestamp="20211213 20:03:48.810" level="INFO">Verifying element 'class:title' contains exact text 'PRODUCTS'.</msg>
<status status="PASS" starttime="20211213 20:03:48.810" endtime="20211213 20:03:48.832"/>
</kw>
<status status="PASS" starttime="20211213 20:03:48.810" endtime="20211213 20:03:48.832"/>
</kw>
<status status="PASS" starttime="20211213 20:03:48.605" endtime="20211213 20:03:48.832"/>
</kw>
<kw name="Sort By" library="resources">
<arg>za</arg>
<kw name="Select From List By Value" library="SeleniumLibrary">
<arg>class:product_sort_container</arg>
<arg>${method}</arg>
<doc>Selects options from selection list ``locator`` by ``values``.</doc>
<msg timestamp="20211213 20:03:48.833" level="INFO">Selecting options from selection list 'class:product_sort_container' by value za.</msg>
<status status="PASS" starttime="20211213 20:03:48.833" endtime="20211213 20:03:48.885"/>
</kw>
<status status="PASS" starttime="20211213 20:03:48.832" endtime="20211213 20:03:48.886"/>
</kw>
<kw name="Element Text Should Be" library="SeleniumLibrary">
<arg>xpath://*[@id="item_3_title_link"]/div</arg>
<arg>Test.allTheThings() T-Shirt (Red)</arg>
<doc>Verifies that element ``locator`` contains exact the text ``expected``.</doc>
<msg timestamp="20211213 20:03:48.886" level="INFO">Verifying element 'xpath://*[@id="item_3_title_link"]/div' contains exact text 'Test.allTheThings() T-Shirt (Red)'.</msg>
<status status="PASS" starttime="20211213 20:03:48.886" endtime="20211213 20:03:48.901"/>
</kw>
<kw name="Close Browser" library="SeleniumLibrary" type="TEARDOWN">
<doc>Closes the current browser.</doc>
<status status="PASS" starttime="20211213 20:03:48.901" endtime="20211213 20:03:51.013"/>
</kw>
<status status="PASS" starttime="20211213 20:03:46.972" endtime="20211213 20:03:51.014"/>
</test>
<doc>A test suit with tests for valid cases

This test follow the example using keywords from
the SeleniumLibrary.</doc>
<status status="PASS" starttime="20211213 20:03:32.009" endtime="20211213 20:03:51.018"/>
</suite>
<suite id="s1-s3" name="Valid Login" source="C:\Users\Benedict Sun\Documents\GitHub\STSWENG-RobotExercise\tests\valid_login.robot">
<test id="s1-s3-t1" name="Valid Login">
<kw name="Open Browser To Login Page" library="resources">
<kw name="Open Browser" library="SeleniumLibrary">
<arg>${LOGIN URL}</arg>
<arg>${BROWSER}</arg>
<doc>Opens a new browser instance to the optional ``url``.</doc>
<msg timestamp="20211213 20:03:51.026" level="INFO">Opening browser 'edge' to base url 'https://www.saucedemo.com/'.</msg>
<status status="PASS" starttime="20211213 20:03:51.026" endtime="20211213 20:03:52.466"/>
</kw>
<kw name="Maximize Browser Window" library="SeleniumLibrary">
<doc>Maximizes current browser window.</doc>
<status status="PASS" starttime="20211213 20:03:52.466" endtime="20211213 20:03:52.582"/>
</kw>
<kw name="Set Selenium Speed" library="SeleniumLibrary">
<arg>${DELAY}</arg>
<doc>Sets the delay that is waited after each Selenium command.</doc>
<status status="PASS" starttime="20211213 20:03:52.582" endtime="20211213 20:03:52.583"/>
</kw>
<kw name="Login Page Should Be Open" library="resources">
<kw name="Page Should Contain Element" library="SeleniumLibrary">
<arg>login-button</arg>
<doc>Verifies that element ``locator`` is found on the current page.</doc>
<msg timestamp="20211213 20:03:52.596" level="INFO">Current page contains element 'login-button'.</msg>
<status status="PASS" starttime="20211213 20:03:52.584" endtime="20211213 20:03:52.596"/>
</kw>
<status status="PASS" starttime="20211213 20:03:52.583" endtime="20211213 20:03:52.596"/>
</kw>
<status status="PASS" starttime="20211213 20:03:51.025" endtime="20211213 20:03:52.596"/>
</kw>
<kw name="Input Username" library="resources">
<arg>${VALID USER}</arg>
<kw name="Input Text" library="SeleniumLibrary">
<arg>user-name</arg>
<arg>${username}</arg>
<doc>Types the given ``text`` into the text field identified by ``locator``.</doc>
<msg timestamp="20211213 20:03:52.597" level="INFO">Typing text 'standard_user' into text field 'user-name'.</msg>
<status status="PASS" starttime="20211213 20:03:52.597" endtime="20211213 20:03:52.665"/>
</kw>
<status status="PASS" starttime="20211213 20:03:52.596" endtime="20211213 20:03:52.665"/>
</kw>
<kw name="Input Pass" library="resources">
<arg>${VALID PASSWORD}</arg>
<kw name="Input Password" library="SeleniumLibrary">
<arg>password</arg>
<arg>${password}</arg>
<doc>Types the given password into the text field identified by ``locator``.</doc>
<msg timestamp="20211213 20:03:52.667" level="INFO">Typing password into text field 'password'.</msg>
<msg timestamp="20211213 20:03:52.693" level="INFO">Temporally setting log level to: NONE</msg>
<msg timestamp="20211213 20:03:52.728" level="INFO">Log level changed from NONE to INFO.</msg>
<status status="PASS" starttime="20211213 20:03:52.666" endtime="20211213 20:03:52.728"/>
</kw>
<status status="PASS" starttime="20211213 20:03:52.666" endtime="20211213 20:03:52.728"/>
</kw>
<kw name="Submit Credentials" library="resources">
<kw name="Click Button" library="SeleniumLibrary">
<arg>login-button</arg>
<doc>Clicks the button identified by ``locator``.</doc>
<msg timestamp="20211213 20:03:52.729" level="INFO">Clicking button 'login-button'.</msg>
<status status="PASS" starttime="20211213 20:03:52.729" endtime="20211213 20:03:52.798"/>
</kw>
<status status="PASS" starttime="20211213 20:03:52.728" endtime="20211213 20:03:52.798"/>
</kw>
<kw name="Product Page Should Be Open" library="resources">
<kw name="Element Text Should Be" library="SeleniumLibrary">
<arg>class:title</arg>
<arg>PRODUCTS</arg>
<doc>Verifies that element ``locator`` contains exact the text ``expected``.</doc>
<msg timestamp="20211213 20:03:52.800" level="INFO">Verifying element 'class:title' contains exact text 'PRODUCTS'.</msg>
<status status="PASS" starttime="20211213 20:03:52.799" endtime="20211213 20:03:52.819"/>
</kw>
<status status="PASS" starttime="20211213 20:03:52.799" endtime="20211213 20:03:52.819"/>
</kw>
<kw name="Close Browser" library="SeleniumLibrary" type="TEARDOWN">
<doc>Closes the current browser.</doc>
<status status="PASS" starttime="20211213 20:03:52.819" endtime="20211213 20:03:54.952"/>
</kw>
<status status="PASS" starttime="20211213 20:03:51.025" endtime="20211213 20:03:54.953"/>
</test>
<doc>A test suit with tests for valid cases

This test follow the example using keywords from
the SeleniumLibrary.</doc>
<status status="PASS" starttime="20211213 20:03:51.021" endtime="20211213 20:03:54.956"/>
</suite>
<status status="PASS" starttime="20211213 20:03:16.026" endtime="20211213 20:03:54.961"/>
</suite>
<statistics>
<total>
<stat pass="8" fail="0" skip="0">All Tests</stat>
</total>
<tag>
</tag>
<suite>
<stat pass="8" fail="0" skip="0" id="s1" name="Tests">Tests</stat>
<stat pass="3" fail="0" skip="0" id="s1-s1" name="Invalid Cases">Tests.Invalid Cases</stat>
<stat pass="4" fail="0" skip="0" id="s1-s2" name="Sort">Tests.Sort</stat>
<stat pass="1" fail="0" skip="0" id="s1-s3" name="Valid Login">Tests.Valid Login</stat>
</suite>
</statistics>
<errors>
</errors>
</robot>
