<?xml version="1.0" encoding="UTF-8"?>
<robot generator="Robot 4.1.2 (Python 3.9.9 on win32)" generated="20211213 17:24:50.238" rpa="false" schemaversion="2">
<suite id="s1" name="Tests" source="C:\Users\Benedict Sun\Documents\GitHub\STSWENG-RobotExercise\tests">
<suite id="s1-s1" name="Valid Login" source="C:\Users\Benedict Sun\Documents\GitHub\STSWENG-RobotExercise\tests\valid_login.robot">
<test id="s1-s1-t1" name="Valid Login">
<kw name="Open Browser To Login Page" library="resources">
<kw name="Open Browser" library="SeleniumLibrary">
<arg>${LOGIN URL}</arg>
<arg>${BROWSER}</arg>
<doc>Opens a new browser instance to the optional ``url``.</doc>
<msg timestamp="20211213 17:24:50.395" level="INFO">Opening browser 'edge' to base url 'https://www.saucedemo.com/'.</msg>
<status status="PASS" starttime="20211213 17:24:50.394" endtime="20211213 17:24:52.115"/>
</kw>
<kw name="Maximize Browser Window" library="SeleniumLibrary">
<doc>Maximizes current browser window.</doc>
<status status="PASS" starttime="20211213 17:24:52.116" endtime="20211213 17:24:52.237"/>
</kw>
<kw name="Set Selenium Speed" library="SeleniumLibrary">
<arg>${DELAY}</arg>
<doc>Sets the delay that is waited after each Selenium command.</doc>
<status status="PASS" starttime="20211213 17:24:52.237" endtime="20211213 17:24:52.237"/>
</kw>
<kw name="Login Page Should Be Open" library="resources">
<kw name="Page Should Contain Element" library="SeleniumLibrary">
<arg>login-button</arg>
<doc>Verifies that element ``locator`` is found on the current page.</doc>
<msg timestamp="20211213 17:24:52.248" level="INFO">Current page contains element 'login-button'.</msg>
<status status="PASS" starttime="20211213 17:24:52.238" endtime="20211213 17:24:52.248"/>
</kw>
<status status="PASS" starttime="20211213 17:24:52.237" endtime="20211213 17:24:52.248"/>
</kw>
<status status="PASS" starttime="20211213 17:24:50.394" endtime="20211213 17:24:52.248"/>
</kw>
<kw name="Input Username" library="resources">
<arg>${VALID USER}</arg>
<kw name="Input Text" library="SeleniumLibrary">
<arg>user-name</arg>
<arg>${username}</arg>
<doc>Types the given ``text`` into the text field identified by ``locator``.</doc>
<msg timestamp="20211213 17:24:52.249" level="INFO">Typing text 'standard_user' into text field 'user-name'.</msg>
<status status="PASS" starttime="20211213 17:24:52.249" endtime="20211213 17:24:52.326"/>
</kw>
<status status="PASS" starttime="20211213 17:24:52.248" endtime="20211213 17:24:52.326"/>
</kw>
<kw name="Input Pass" library="resources">
<arg>${VALID PASSWORD}</arg>
<kw name="Input Password" library="SeleniumLibrary">
<arg>password</arg>
<arg>${password}</arg>
<doc>Types the given password into the text field identified by ``locator``.</doc>
<msg timestamp="20211213 17:24:52.327" level="INFO">Typing password into text field 'password'.</msg>
<msg timestamp="20211213 17:24:52.354" level="INFO">Temporally setting log level to: NONE</msg>
<msg timestamp="20211213 17:24:52.392" level="INFO">Log level changed from NONE to INFO.</msg>
<status status="PASS" starttime="20211213 17:24:52.327" endtime="20211213 17:24:52.392"/>
</kw>
<status status="PASS" starttime="20211213 17:24:52.327" endtime="20211213 17:24:52.392"/>
</kw>
<kw name="Click Button" library="SeleniumLibrary">
<arg>login-button</arg>
<doc>Clicks the button identified by ``locator``.</doc>
<msg timestamp="20211213 17:24:52.392" level="INFO">Clicking button 'login-button'.</msg>
<status status="PASS" starttime="20211213 17:24:52.392" endtime="20211213 17:24:52.466"/>
</kw>
<kw name="Element Text Should Be" library="SeleniumLibrary">
<arg>class:title</arg>
<arg>PRODUCTS</arg>
<doc>Verifies that element ``locator`` contains exact the text ``expected``.</doc>
<msg timestamp="20211213 17:24:52.467" level="INFO">Verifying element 'class:title' contains exact text 'PRODUCTS'.</msg>
<status status="PASS" starttime="20211213 17:24:52.467" endtime="20211213 17:24:52.493"/>
</kw>
<kw name="Close Browser" library="SeleniumLibrary" type="TEARDOWN">
<doc>Closes the current browser.</doc>
<status status="PASS" starttime="20211213 17:24:52.493" endtime="20211213 17:24:54.686"/>
</kw>
<status status="PASS" starttime="20211213 17:24:50.394" endtime="20211213 17:24:54.687"/>
</test>
<test id="s1-s1-t2" name="Locked Out Login">
<kw name="Open Browser" library="SeleniumLibrary">
<arg>https://www.saucedemo.com/</arg>
<arg>edge</arg>
<doc>Opens a new browser instance to the optional ``url``.</doc>
<msg timestamp="20211213 17:24:54.691" level="INFO">Opening browser 'edge' to base url 'https://www.saucedemo.com/'.</msg>
<status status="PASS" starttime="20211213 17:24:54.691" endtime="20211213 17:24:56.312"/>
</kw>
<kw name="Maximize Browser Window" library="SeleniumLibrary">
<doc>Maximizes current browser window.</doc>
<status status="PASS" starttime="20211213 17:24:56.313" endtime="20211213 17:24:56.428"/>
</kw>
<kw name="Page Should Contain Element" library="SeleniumLibrary">
<arg>login-button</arg>
<doc>Verifies that element ``locator`` is found on the current page.</doc>
<msg timestamp="20211213 17:24:56.441" level="INFO">Current page contains element 'login-button'.</msg>
<status status="PASS" starttime="20211213 17:24:56.429" endtime="20211213 17:24:56.441"/>
</kw>
<kw name="Input Text" library="SeleniumLibrary">
<arg>user-name</arg>
<arg>locked_out_user</arg>
<doc>Types the given ``text`` into the text field identified by ``locator``.</doc>
<msg timestamp="20211213 17:24:56.441" level="INFO">Typing text 'locked_out_user' into text field 'user-name'.</msg>
<status status="PASS" starttime="20211213 17:24:56.441" endtime="20211213 17:24:56.518"/>
</kw>
<kw name="Input Password" library="SeleniumLibrary">
<arg>password</arg>
<arg>secret_sauce</arg>
<doc>Types the given password into the text field identified by ``locator``.</doc>
<msg timestamp="20211213 17:24:56.518" level="INFO">Typing password into text field 'password'.</msg>
<msg timestamp="20211213 17:24:56.545" level="INFO">Temporally setting log level to: NONE</msg>
<msg timestamp="20211213 17:24:56.578" level="INFO">Log level changed from NONE to INFO.</msg>
<status status="PASS" starttime="20211213 17:24:56.518" endtime="20211213 17:24:56.578"/>
</kw>
<kw name="Click Button" library="SeleniumLibrary">
<arg>login-button</arg>
<doc>Clicks the button identified by ``locator``.</doc>
<msg timestamp="20211213 17:24:56.578" level="INFO">Clicking button 'login-button'.</msg>
<status status="PASS" starttime="20211213 17:24:56.578" endtime="20211213 17:24:56.622"/>
</kw>
<kw name="Element Text Should Be" library="SeleniumLibrary">
<arg>xpath://*[@id="login_button_container"]/div/form/div[3]/h3</arg>
<arg>Epic sadface: Sorry, this user has been locked out.</arg>
<doc>Verifies that element ``locator`` contains exact the text ``expected``.</doc>
<msg timestamp="20211213 17:24:56.623" level="INFO">Verifying element 'xpath://*[@id="login_button_container"]/div/form/div[3]/h3' contains exact text 'Epic sadface: Sorry, this user has been locked out.'.</msg>
<status status="PASS" starttime="20211213 17:24:56.622" endtime="20211213 17:24:56.640"/>
</kw>
<kw name="Close Browser" library="SeleniumLibrary" type="TEARDOWN">
<doc>Closes the current browser.</doc>
<status status="PASS" starttime="20211213 17:24:56.640" endtime="20211213 17:24:58.755"/>
</kw>
<status status="PASS" starttime="20211213 17:24:54.690" endtime="20211213 17:24:58.756"/>
</test>
<doc>A test suit with a single test for valid login

This test follow the example using keywords from
the SeleniumLibrary.</doc>
<status status="PASS" starttime="20211213 17:24:50.259" endtime="20211213 17:24:58.758"/>
</suite>
<status status="PASS" starttime="20211213 17:24:50.239" endtime="20211213 17:24:58.761"/>
</suite>
<statistics>
<total>
<stat pass="2" fail="0" skip="0">All Tests</stat>
</total>
<tag>
</tag>
<suite>
<stat pass="2" fail="0" skip="0" id="s1" name="Tests">Tests</stat>
<stat pass="2" fail="0" skip="0" id="s1-s1" name="Valid Login">Tests.Valid Login</stat>
</suite>
</statistics>
<errors>
</errors>
</robot>
